Using pre-set license
Built from '2022.3/release' branch; Version is '2022.3.5f1 (9674261d40ee) revision 9860134'; Using compiler version '192829333'; Build Type 'Release'
OS: 'Windows 11  (10.0.22631) 64bit Education' Language: 'cs' Physical Memory: 8030 MB
BatchMode: 1, IsHumanControllingUs: 0, StartBugReporterOnCrash: 0, Is64bit: 1, IsPro: 1

COMMAND LINE ARGUMENTS:
C:\Program Files\Unity\Hub\Editor\2022.3.5f1\Editor\Unity.exe
-adb2
-batchMode
-noUpm
-name
AssetImportWorker0
-projectPath
C:/Users/matej.slach/Documents/GitHub/Hra-bojngo-oyngo
-logFile
Logs/AssetImportWorker0.log
-srvPort
50382
Successfully changed project path to: C:/Users/matej.slach/Documents/GitHub/Hra-bojngo-oyngo
C:/Users/matej.slach/Documents/GitHub/Hra-bojngo-oyngo
[UnityMemory] Configuration Parameters - Can be set up in boot.config
    "memorysetup-bucket-allocator-granularity=16"
    "memorysetup-bucket-allocator-bucket-count=8"
    "memorysetup-bucket-allocator-block-size=33554432"
    "memorysetup-bucket-allocator-block-count=8"
    "memorysetup-main-allocator-block-size=16777216"
    "memorysetup-thread-allocator-block-size=16777216"
    "memorysetup-gfx-main-allocator-block-size=16777216"
    "memorysetup-gfx-thread-allocator-block-size=16777216"
    "memorysetup-cache-allocator-block-size=4194304"
    "memorysetup-typetree-allocator-block-size=2097152"
    "memorysetup-profiler-bucket-allocator-granularity=16"
    "memorysetup-profiler-bucket-allocator-bucket-count=8"
    "memorysetup-profiler-bucket-allocator-block-size=33554432"
    "memorysetup-profiler-bucket-allocator-block-count=8"
    "memorysetup-profiler-allocator-block-size=16777216"
    "memorysetup-profiler-editor-allocator-block-size=1048576"
    "memorysetup-temp-allocator-size-main=16777216"
    "memorysetup-job-temp-allocator-block-size=2097152"
    "memorysetup-job-temp-allocator-block-size-background=1048576"
    "memorysetup-job-temp-allocator-reduction-small-platforms=262144"
    "memorysetup-allocator-temp-initial-block-size-main=262144"
    "memorysetup-allocator-temp-initial-block-size-worker=262144"
    "memorysetup-temp-allocator-size-background-worker=32768"
    "memorysetup-temp-allocator-size-job-worker=262144"
    "memorysetup-temp-allocator-size-preload-manager=33554432"
    "memorysetup-temp-allocator-size-nav-mesh-worker=65536"
    "memorysetup-temp-allocator-size-audio-worker=65536"
    "memorysetup-temp-allocator-size-cloud-worker=32768"
    "memorysetup-temp-allocator-size-gi-baking-worker=262144"
    "memorysetup-temp-allocator-size-gfx=262144"
Player connection [14452] Host "[IP] 192.168.227.1 [Port] 0 [Flags] 2 [Guid] 2661083986 [EditorId] 2661083986 [Version] 1048832 [Id] WindowsEditor(7,205-10) [Debug] 1 [PackageName] WindowsEditor [ProjectName] Editor" joined multi-casting on [225.0.0.222:54997]...

Player connection [14452] Host "[IP] 192.168.227.1 [Port] 0 [Flags] 2 [Guid] 2661083986 [EditorId] 2661083986 [Version] 1048832 [Id] WindowsEditor(7,205-10) [Debug] 1 [PackageName] WindowsEditor [ProjectName] Editor" joined alternative multi-casting on [225.0.0.222:34997]...

Refreshing native plugins compatible for Editor in 30.00 ms, found 3 plugins.
Preloading 0 native plugins for Editor in 0.00 ms.
Initialize engine version: 2022.3.5f1 (9674261d40ee)
[Subsystems] Discovering subsystems at path C:/Program Files/Unity/Hub/Editor/2022.3.5f1/Editor/Data/Resources/UnitySubsystems
[Subsystems] Discovering subsystems at path C:/Users/matej.slach/Documents/GitHub/Hra-bojngo-oyngo/Assets
GfxDevice: creating device client; threaded=0; jobified=0
Direct3D:
    Version:  Direct3D 11.0 [level 11.1]
    Renderer: Intel(R) UHD Graphics 630 (ID=0x3e91)
    Vendor:   Intel
    VRAM:     4015 MB
    Driver:   31.0.101.2115
Initialize mono
Mono path[0] = 'C:/Program Files/Unity/Hub/Editor/2022.3.5f1/Editor/Data/Managed'
Mono path[1] = 'C:/Program Files/Unity/Hub/Editor/2022.3.5f1/Editor/Data/MonoBleedingEdge/lib/mono/unityjit-win32'
Mono config path = 'C:/Program Files/Unity/Hub/Editor/2022.3.5f1/Editor/Data/MonoBleedingEdge/etc'
Using monoOptions --debugger-agent=transport=dt_socket,embedding=1,server=y,suspend=n,address=127.0.0.1:56696
Begin MonoManager ReloadAssembly
Registering precompiled unity dll's ...
Register platform support module: C:/Program Files/Unity/Hub/Editor/2022.3.5f1/Editor/Data/PlaybackEngines/WebGLSupport/UnityEditor.WebGL.Extensions.dll
Register platform support module: C:/Program Files/Unity/Hub/Editor/2022.3.5f1/Editor/Data/PlaybackEngines/WindowsStandaloneSupport/UnityEditor.WindowsStandalone.Extensions.dll
Registered in 0.018267 seconds.
- Loaded All Assemblies, in  1.057 seconds
Native extension for WindowsStandalone target not found
Native extension for WebGL target not found
Mono: successfully reloaded assembly
- Finished resetting the current domain, in  1.167 seconds
Domain Reload Profiling: 2219ms
	BeginReloadAssembly (405ms)
		ExecutionOrderSort (0ms)
		DisableScriptedObjects (0ms)
		BackupInstance (0ms)
		ReleaseScriptingObjects (0ms)
		CreateAndSetChildDomain (1ms)
	RebuildCommonClasses (78ms)
	RebuildNativeTypeToScriptingClass (35ms)
	initialDomainReloadingComplete (150ms)
	LoadAllAssembliesAndSetupDomain (382ms)
		LoadAssemblies (412ms)
		RebuildTransferFunctionScriptingTraits (0ms)
		AnalyzeDomain (361ms)
			TypeCache.Refresh (360ms)
				TypeCache.ScanAssembly (335ms)
			ScanForSourceGeneratedMonoScriptInfo (1ms)
			ResolveRequiredComponents (1ms)
	FinalizeReload (1168ms)
		ReleaseScriptCaches (0ms)
		RebuildScriptCaches (0ms)
		SetupLoadedEditorAssemblies (1016ms)
			LogAssemblyErrors (0ms)
			InitializePlatformSupportModulesInManaged (31ms)
			SetLoadedEditorAssemblies (14ms)
			RefreshPlugins (0ms)
			BeforeProcessingInitializeOnLoad (4ms)
			ProcessInitializeOnLoadAttributes (573ms)
			ProcessInitializeOnLoadMethodAttributes (394ms)
			AfterProcessingInitializeOnLoad (0ms)
			EditorAssembliesLoaded (0ms)
		ExecutionOrderSort2 (0ms)
		AwakeInstancesAfterBackupRestoration (0ms)
========================================================================
Worker process is ready to serve import requests
Begin MonoManager ReloadAssembly
OutOfMemoryException: Out of memory
  at (wrapper managed-to-native) System.Object.__icall_wrapper_ves_icall_array_new_specific(intptr,int)
  at System.IO.MemoryStream..ctor (System.Int32 capacity) [0x00023] in <eef08f56e2e042f1b3027eca477293d9>:0 
  at (wrapper remoting-invoke-with-check) System.IO.MemoryStream..ctor(int)
  at Mono.Cecil.ModuleDefinition.ReadModule (System.String fileName, Mono.Cecil.ReaderParameters parameters) [0x0002e] in <a6860a9f6366437387ebdc1f225b7fd4>:0 
  at Mono.Cecil.BaseAssemblyResolver.GetAssembly (System.String file, Mono.Cecil.ReaderParameters parameters) [0x0000f] in <a6860a9f6366437387ebdc1f225b7fd4>:0 
  at Mono.Cecil.BaseAssemblyResolver.SearchDirectory (Mono.Cecil.AssemblyNameReference name, System.Collections.Generic.IEnumerable`1[T] directories, Mono.Cecil.ReaderParameters parameters) [0x00073] in <a6860a9f6366437387ebdc1f225b7fd4>:0 
  at Mono.Cecil.BaseAssemblyResolver.Resolve (Mono.Cecil.AssemblyNameReference name, Mono.Cecil.ReaderParameters parameters) [0x000d5] in <a6860a9f6366437387ebdc1f225b7fd4>:0 
  at Mono.Cecil.BaseAssemblyResolver.Resolve (Mono.Cecil.AssemblyNameReference name) [0x00007] in <a6860a9f6366437387ebdc1f225b7fd4>:0 
  at UnityEditor.AssemblyValidation+AssemblyResolver.Resolve (Mono.Cecil.AssemblyNameReference name) [0x0002f] in <bf6080dbf0564cf1b405dfd6e0dac725>:0 
  at UnityEditor.AssemblyValidation.ResolveAndSetupReferences (System.Int32 index, UnityEditor.AssemblyValidation+Error[] errors, Mono.Cecil.AssemblyDefinition[] assemblyDefinitions, System.Collections.Generic.Dictionary`2[TKey,TValue] assemblyDefinitionNameToIndex, UnityEditor.AssemblyValidation+AssemblyAndReferences[] assemblyAndReferences, System.String assemblyPath) [0x00084] in <bf6080dbf0564cf1b405dfd6e0dac725>:0 
  at UnityEditor.AssemblyValidation.CheckAssemblyReferences (System.String[] assemblyPaths, UnityEditor.AssemblyValidation+Error[] errors, Mono.Cecil.AssemblyDefinition[] assemblyDefinitions, System.Func`2[T,TResult] compatibleWithEditor) [0x00106] in <bf6080dbf0564cf1b405dfd6e0dac725>:0 
  at UnityEditor.AssemblyValidation.ValidateAssemblyDefinitions (System.String[] assemblyPaths, Mono.Cecil.AssemblyDefinition[] assemblyDefinitions, System.Func`2[T,TResult] compatibleWithEditor) [0x0000a] in <bf6080dbf0564cf1b405dfd6e0dac725>:0 
  at UnityEditor.AssemblyValidation.ValidateAssemblies (System.String[] assemblyPaths, System.Boolean enableLogging) [0x00054] in <bf6080dbf0564cf1b405dfd6e0dac725>:0 

Failed loading assembly Library/ScriptAssemblies/UnityEngine.UI.dll reason: Not enough space
Loading assembly failed: "Library/ScriptAssemblies/UnityEngine.UI.dll" reason: Not enough space
Failed loading assembly Library/ScriptAssemblies/Unity.Timeline.Editor.dll reason: Not enough space
Loading assembly failed: "Library/ScriptAssemblies/Unity.Timeline.Editor.dll" reason: Not enough space
Failed loading assembly Library/ScriptAssemblies/Unity.VisualStudio.Editor.dll reason: Not enough space
Loading assembly failed: "Library/ScriptAssemblies/Unity.VisualStudio.Editor.dll" reason: Not enough space
Failed loading assembly Library/ScriptAssemblies/Unity.TextMeshPro.dll reason: Not enough space
Loading assembly failed: "Library/ScriptAssemblies/Unity.TextMeshPro.dll" reason: Not enough space
Failed loading assembly Library/ScriptAssemblies/Unity.VisualScripting.Core.Editor.dll reason: Not enough space
Loading assembly failed: "Library/ScriptAssemblies/Unity.VisualScripting.Core.Editor.dll" reason: Not enough space
Failed loading assembly Library/ScriptAssemblies/UnityEditor.TestRunner.dll reason: Not enough space
Loading assembly failed: "Library/ScriptAssemblies/UnityEditor.TestRunner.dll" reason: Not enough space
Failed loading assembly Library/ScriptAssemblies/Unity.VisualScripting.Flow.dll reason: Not enough space
Loading assembly failed: "Library/ScriptAssemblies/Unity.VisualScripting.Flow.dll" reason: Not enough space
Symbol file LoadedFromMemory doesn't match image C:\Users\matej.slach\Documents\GitHub\Hra-bojngo-oyngo\Library\PackageCache\com.unity.visualscripting@1.8.0\Editor\VisualScripting.Core\Dependencies\YamlDotNet\Unity.VisualScripting.YamlDotNet.dll
Failed loading assembly Packages/com.unity.testtools.codecoverage/lib/ReportGenerator/ReportGeneratorMerged.dll reason: Not enough space
Loading assembly failed: "Packages/com.unity.testtools.codecoverage/lib/ReportGenerator/ReportGeneratorMerged.dll" reason: Not enough space
Failed loading assembly Packages/com.unity.collab-proxy/Lib/Editor/PlasticSCM/Unity.Plastic.Newtonsoft.Json.dll reason: Not enough space
Loading assembly failed: "Packages/com.unity.collab-proxy/Lib/Editor/PlasticSCM/Unity.Plastic.Newtonsoft.Json.dll" reason: Not enough space
Failed loading assembly Packages/com.unity.collab-proxy/Lib/Editor/PlasticSCM/log4netPlastic.dll reason: Not enough space
Loading assembly failed: "Packages/com.unity.collab-proxy/Lib/Editor/PlasticSCM/log4netPlastic.dll" reason: Not enough space
Failed loading assembly Packages/com.unity.visualscripting/Editor/VisualScripting.Core/Dependencies/DotNetZip/Unity.VisualScripting.IonicZip.dll reason: Not enough space
Loading assembly failed: "Packages/com.unity.visualscripting/Editor/VisualScripting.Core/Dependencies/DotNetZip/Unity.VisualScripting.IonicZip.dll" reason: Not enough space
Failed loading assembly Packages/com.unity.visualscripting/Editor/VisualScripting.Core/EditorAssetResources/Unity.VisualScripting.TextureAssets.dll reason: Not enough space
Loading assembly failed: "Packages/com.unity.visualscripting/Editor/VisualScripting.Core/EditorAssetResources/Unity.VisualScripting.TextureAssets.dll" reason: Not enough space
Failed loading assembly Packages/com.unity.collab-proxy/Lib/Editor/PlasticSCM/unityplastic.dll reason: Not enough space
Loading assembly failed: "Packages/com.unity.collab-proxy/Lib/Editor/PlasticSCM/unityplastic.dll" reason: Not enough space
Could not allocate 8192 bytes
Crash!!!
SymInit: Symbol-SearchPath: 'C:/Program Files/Unity/Hub/Editor/2022.3.5f1/Editor/Data/Mono;.;C:\Users\matej.slach\Documents\GitHub\Hra-bojngo-oyngo;C:\Users\matej.slach\Documents\GitHub\Hra-bojngo-oyngo\Library\BurstCache\JIT;C:\Program Files\Unity\Hub\Editor\2022.3.5f1\Editor;C:\Windows;C:\Windows\system32;', symOptions: 534, UserName: 'matej.slach'
OS-Version: 10.0.0
C:\Program Files\Unity\Hub\Editor\2022.3.5f1\Editor\Unity.exe:Unity.exe (00007FF7912E0000), size: 82223104 (result: 0), SymType: '-deferred-', PDB: '', fileVersion: 2022.3.5.29734
C:\Windows\SYSTEM32\ntdll.dll:ntdll.dll (00007FFD99470000), size: 2191360 (result: 0), SymType: '-deferred-', PDB: '', fileVersion: 10.0.22621.4541
C:\Windows\System32\KERNEL32.DLL:KERNEL32.DLL (00007FFD989F0000), size: 802816 (result: 0), SymType: '-deferred-', PDB: '', fileVersion: 10.0.22621.4391
C:\Windows\System32\KERNELBASE.dll:KERNELBASE.dll (00007FFD96AB0000), size: 3907584 (result: 0), SymType: '-deferred-', PDB: '', fileVersion: 10.0.22621.4541
C:\Windows\System32\CRYPT32.dll:CRYPT32.dll (00007FFD96940000), size: 1466368 (result: 0), SymType: '-deferred-', PDB: '', fileVersion: 10.0.22621.4541
C:\Windows\System32\ucrtbase.dll:ucrtbase.dll (00007FFD97050000), size: 1118208 (result: 0), SymType: '-deferred-', PDB: '', fileVersion: 10.0.22621.3593
C:\Windows\System32\USER32.dll:USER32.dll (00007FFD98F10000), size: 1761280 (result: 0), SymType: '-deferred-', PDB: '', fileVersion: 10.0.22621.4541
C:\Windows\System32\win32u.dll:win32u.dll (00007FFD96770000), size: 155648 (result: 0), SymType: '-deferred-', PDB: '', fileVersion: 10.0.22621.4601
C:\Windows\System32\GDI32.dll:GDI32.dll (00007FFD98940000), size: 167936 (result: 0), SymType: '-deferred-', PDB: '', fileVersion: 10.0.22621.4036
C:\Windows\System32\gdi32full.dll:gdi32full.dll (00007FFD96820000), size: 1159168 (result: 0), SymType: '-deferred-', PDB: '', fileVersion: 10.0.22621.4391
C:\Windows\System32\msvcp_win.dll:msvcp_win.dll (00007FFD96EF0000), size: 630784 (result: 0), SymType: '-deferred-', PDB: '', fileVersion: 10.0.22621.3374
C:\Windows\System32\ADVAPI32.dll:ADVAPI32.dll (00007FFD98C30000), size: 729088 (result: 0), SymType: '-deferred-', PDB: '', fileVersion: 10.0.22621.4391
C:\Windows\System32\msvcrt.dll:msvcrt.dll (00007FFD976D0000), size: 684032 (result: 0), SymType: '-deferred-', PDB: '', fileVersion: 7.0.22621.2506
C:\Windows\System32\sechost.dll:sechost.dll (00007FFD978D0000), size: 684032 (result: 0), SymType: '-deferred-', PDB: '', fileVersion: 10.0.22621.4541
C:\Windows\System32\bcrypt.dll:bcrypt.dll (00007FFD96740000), size: 163840 (result: 0), SymType: '-deferred-', PDB: '', fileVersion: 10.0.22621.2506
C:\Windows\System32\RPCRT4.dll:RPCRT4.dll (00007FFD98490000), size: 1130496 (result: 0), SymType: '-deferred-', PDB: '', fileVersion: 10.0.22621.4249
C:\Windows\System32\SHELL32.dll:SHELL32.dll (00007FFD97B70000), size: 8880128 (result: 0), SymType: '-deferred-', PDB: '', fileVersion: 10.0.22621.4541
C:\Windows\System32\SHLWAPI.dll:SHLWAPI.dll (00007FFD98EA0000), size: 385024 (result: 0), SymType: '-deferred-', PDB: '', fileVersion: 10.0.22621.4541
C:\Windows\System32\ole32.dll:ole32.dll (00007FFD97980000), size: 1724416 (result: 0), SymType: '-deferred-', PDB: '', fileVersion: 10.0.22621.3958
C:\Windows\System32\combase.dll:combase.dll (00007FFD985B0000), size: 3731456 (result: 0), SymType: '-deferred-', PDB: '', fileVersion: 10.0.22621.4541
C:\Windows\System32\IMM32.dll:IMM32.dll (00007FFD97B30000), size: 200704 (result: 0), SymType: '-deferred-', PDB: '', fileVersion: 10.0.22621.3374
C:\Windows\System32\SETUPAPI.dll:SETUPAPI.dll (00007FFD97170000), size: 4669440 (result: 0), SymType: '-deferred-', PDB: '', fileVersion: 10.0.22621.2506
C:\Windows\System32\WS2_32.dll:WS2_32.dll (00007FFD97790000), size: 462848 (result: 0), SymType: '-deferred-', PDB: '', fileVersion: 10.0.22621.1
C:\Windows\System32\OLEAUT32.dll:OLEAUT32.dll (00007FFD975F0000), size: 880640 (result: 0), SymType: '-deferred-', PDB: '', fileVersion: 10.0.22621.3672
C:\Windows\System32\WINTRUST.dll:WINTRUST.dll (00007FFD96E70000), size: 466944 (result: 0), SymType: '-deferred-', PDB: '', fileVersion: 10.0.22621.4541
C:\Program Files\Unity\Hub\Editor\2022.3.5f1\Editor\s3tcompress.dll:s3tcompress.dll (00007FFD93510000), size: 180224 (result: 0), SymType: '-deferred-', PDB: ''
C:\Program Files\Unity\Hub\Editor\2022.3.5f1\Editor\etccompress.dll:etccompress.dll (00007FFD42F30000), size: 5066752 (result: 0), SymType: '-deferred-', PDB: ''
C:\Program Files\Unity\Hub\Editor\2022.3.5f1\Editor\libfbxsdk.dll:libfbxsdk.dll (00007FFD43410000), size: 10067968 (result: 0), SymType: '-deferred-', PDB: '', fileVersion: 2020.3.3.0
C:\Program Files\Unity\Hub\Editor\2022.3.5f1\Editor\ispc_texcomp.dll:ispc_texcomp.dll (00007FFD5C4C0000), size: 1826816 (result: 0), SymType: '-deferred-', PDB: ''
C:\Program Files\Unity\Hub\Editor\2022.3.5f1\Editor\compress_bc7e.dll:compress_bc7e.dll (00007FFD44930000), size: 1433600 (result: 0), SymType: '-deferred-', PDB: ''
C:\Program Files\Unity\Hub\Editor\2022.3.5f1\Editor\FreeImage.dll:FreeImage.dll (0000000180000000), size: 6582272 (result: 0), SymType: '-deferred-', PDB: '', fileVersion: 3.18.0.0
C:\Program Files\Unity\Hub\Editor\2022.3.5f1\Editor\WinPixEventRuntime.dll:WinPixEventRuntime.dll (00007FFD93500000), size: 45056 (result: 0), SymType: '-deferred-', PDB: '', fileVersion: 1.0.1812.6001
C:\Program Files\Unity\Hub\Editor\2022.3.5f1\Editor\umbraoptimizer64.dll:umbraoptimizer64.dll (00007FFD42E00000), size: 1187840 (result: 0), SymType: '-deferred-', PDB: ''
C:\Windows\SYSTEM32\OPENGL32.dll:OPENGL32.dll (00007FFD5E950000), size: 1048576 (result: 0), SymType: '-deferred-', PDB: '', fileVersion: 10.0.22621.4541
C:\Windows\SYSTEM32\GLU32.dll:GLU32.dll (00007FFD5E8E0000), size: 184320 (result: 0), SymType: '-deferred-', PDB: '', fileVersion: 10.0.22621.2506
C:\Windows\SYSTEM32\IPHLPAPI.DLL:IPHLPAPI.DLL (00007FFD94EC0000), size: 184320 (result: 0), SymType: '-deferred-', PDB: '', fileVersion: 10.0.22621.1
C:\Windows\SYSTEM32\WINHTTP.dll:WINHTTP.dll (00007FFD95670000), size: 1269760 (result: 0), SymType: '-deferred-', PDB: '', fileVersion: 10.0.22621.4541
C:\Windows\SYSTEM32\WINMM.dll:WINMM.dll (00007FFD904E0000), size: 212992 (result: 0), SymType: '-deferred-', PDB: '', fileVersion: 10.0.22621.4541
C:\Windows\SYSTEM32\HID.DLL:HID.DLL (00007FFD94DA0000), size: 57344 (result: 0), SymType: '-deferred-', PDB: '', fileVersion: 10.0.22621.1
C:\Windows\SYSTEM32\dwmapi.dll:dwmapi.dll (00007FFD93BB0000), size: 176128 (result: 0), SymType: '-deferred-', PDB: '', fileVersion: 10.0.22621.4541
C:\Program Files\Unity\Hub\Editor\2022.3.5f1\Editor\SketchUpAPI.dll:SketchUpAPI.dll (00007FFD41C70000), size: 8990720 (result: 0), SymType: '-deferred-', PDB: '', fileVersion: 23.0.0.0
C:\Windows\SYSTEM32\VERSION.dll:VERSION.dll (00007FFD90860000), size: 40960 (result: 0), SymType: '-deferred-', PDB: '', fileVersion: 10.0.22621.1
C:\Windows\SYSTEM32\WSOCK32.dll:WSOCK32.dll (00007FFD42510000), size: 36864 (result: 0), SymType: '-deferred-', PDB: '', fileVersion: 10.0.22621.1
C:\Windows\SYSTEM32\MSVCP140.dll:MSVCP140.dll (00007FFD6B4A0000), size: 577536 (result: 0), SymType: '-deferred-', PDB: '', fileVersion: 14.40.33816.0
C:\Windows\SYSTEM32\VCRUNTIME140.dll:VCRUNTIME140.dll (00007FFD71B20000), size: 122880 (result: 0), SymType: '-deferred-', PDB: '', fileVersion: 14.40.33816.0
C:\Program Files\Unity\Hub\Editor\2022.3.5f1\Editor\SketchUpCommonPreferences.dll:SketchUpCommonPreferences.dll (00007FFD7A270000), size: 499712 (result: 0), SymType: '-deferred-', PDB: '', fileVersion: 23.0.0.0
C:\Windows\SYSTEM32\VCRUNTIME140_1.dll:VCRUNTIME140_1.dll (00007FFD6B490000), size: 49152 (result: 0), SymType: '-deferred-', PDB: '', fileVersion: 14.40.33816.0
C:\Windows\SYSTEM32\Secur32.dll:Secur32.dll (00007FFD95420000), size: 49152 (result: 0), SymType: '-deferred-', PDB: '', fileVersion: 10.0.22621.1
C:\Windows\SYSTEM32\dxcore.dll:dxcore.dll (00007FFD93A50000), size: 225280 (result: 0), SymType: '-deferred-', PDB: '', fileVersion: 10.0.22621.4541
C:\Windows\SYSTEM32\SSPICLI.DLL:SSPICLI.DLL (00007FFD959F0000), size: 274432 (result: 0), SymType: '-deferred-', PDB: '', fileVersion: 10.0.22621.3810
C:\Program Files\Unity\Hub\Editor\2022.3.5f1\Editor\OpenRL.dll:OpenRL.dll (000002103F370000), size: 12779520 (result: 0), SymType: '-deferred-', PDB: '', fileVersion: 1.5.0.2907
C:\Windows\SYSTEM32\MSVCP100.dll:MSVCP100.dll (0000000054D60000), size: 622592 (result: 0), SymType: '-deferred-', PDB: '', fileVersion: 10.0.40219.325
C:\Windows\SYSTEM32\MSVCR100.dll:MSVCR100.dll (0000000054C80000), size: 860160 (result: 0), SymType: '-deferred-', PDB: '', fileVersion: 10.0.40219.325
C:\Program Files\Unity\Hub\Editor\2022.3.5f1\Editor\embree.dll:embree.dll (00007FFCE8180000), size: 16711680 (result: 0), SymType: '-deferred-', PDB: '', fileVersion: 2.14.0.0
C:\Windows\SYSTEM32\cfgmgr32.DLL:cfgmgr32.DLL (00007FFD963B0000), size: 319488 (result: 0), SymType: '-deferred-', PDB: '', fileVersion: 10.0.22621.2506
C:\Program Files\Unity\Hub\Editor\2022.3.5f1\Editor\tbb.dll:tbb.dll (00007FFD8EBC0000), size: 413696 (result: 0), SymType: '-deferred-', PDB: '', fileVersion: 2017.0.2016.1004
C:\Windows\SYSTEM32\MSVCP120.dll:MSVCP120.dll (00007FFD5C780000), size: 679936 (result: 0), SymType: '-deferred-', PDB: '', fileVersion: 12.0.40664.0
C:\Windows\SYSTEM32\MSVCR120.dll:MSVCR120.dll (00007FFD45150000), size: 978944 (result: 0), SymType: '-deferred-', PDB: '', fileVersion: 12.0.40664.0
C:\Windows\SYSTEM32\MSWSOCK.DLL:MSWSOCK.DLL (00007FFD95C00000), size: 430080 (result: 0), SymType: '-deferred-', PDB: '', fileVersion: 10.0.22621.2506
C:\Program Files\Unity\Hub\Editor\2022.3.5f1\Editor\OpenRL_pthread.dll:OpenRL_pthread.dll (000002103FFC0000), size: 61440 (result: 0), SymType: '-deferred-', PDB: '', fileVersion: 2.9.0.0
C:\Windows\SYSTEM32\MSASN1.dll:MSASN1.dll (00007FFD95F50000), size: 73728 (result: 0), SymType: '-deferred-', PDB: '', fileVersion: 10.0.22621.2506
C:\Windows\System32\bcryptprimitives.dll:bcryptprimitives.dll (00007FFD967A0000), size: 503808 (result: 0), SymType: '-deferred-', PDB: '', fileVersion: 10.0.22621.4317
C:\Windows\SYSTEM32\kernel.appcore.dll:kernel.appcore.dll (00007FFD955F0000), size: 98304 (result: 0), SymType: '-deferred-', PDB: '', fileVersion: 10.0.22621.3958
C:\Windows\system32\uxtheme.dll:uxtheme.dll (00007FFD93940000), size: 724992 (result: 0), SymType: '-deferred-', PDB: '', fileVersion: 10.0.22621.4541
C:\Windows\SYSTEM32\windows.storage.dll:windows.storage.dll (00007FFD94490000), size: 9469952 (result: 0), SymType: '-deferred-', PDB: '', fileVersion: 10.0.22621.4601
C:\Windows\SYSTEM32\wintypes.dll:wintypes.dll (00007FFD94350000), size: 1306624 (result: 0), SymType: '-deferred-', PDB: '', fileVersion: 10.0.22621.3810
C:\Windows\System32\SHCORE.dll:SHCORE.dll (00007FFD990C0000), size: 1024000 (result: 0), SymType: '-deferred-', PDB: '', fileVersion: 10.0.22621.4541
C:\Windows\SYSTEM32\profapi.dll:profapi.dll (00007FFD96670000), size: 176128 (result: 0), SymType: '-deferred-', PDB: '', fileVersion: 10.0.22621.4541
C:\Windows\system32\IconCodecService.dll:IconCodecService.dll (00007FFD5C830000), size: 36864 (result: 0), SymType: '-deferred-', PDB: '', fileVersion: 10.0.22621.1
C:\Windows\SYSTEM32\WindowsCodecs.dll:WindowsCodecs.dll (00007FFD93750000), size: 1769472 (result: 0), SymType: '-deferred-', PDB: '', fileVersion: 10.0.22621.4541
C:\Windows\System32\clbcatq.dll:clbcatq.dll (00007FFD991C0000), size: 720896 (result: 0), SymType: '-deferred-', PDB: '', fileVersion: 2001.12.10941.16384
C:\Windows\System32\NSI.dll:NSI.dll (00007FFD97780000), size: 36864 (result: 0), SymType: '-deferred-', PDB: '', fileVersion: 10.0.22621.1
C:\Windows\System32\netprofm.dll:netprofm.dll (00007FFD93000000), size: 491520 (result: 0), SymType: '-deferred-', PDB: '', fileVersion: 10.0.22621.3527
C:\Windows\SYSTEM32\dhcpcsvc6.DLL:dhcpcsvc6.DLL (00007FFD90870000), size: 102400 (result: 0), SymType: '-deferred-', PDB: '', fileVersion: 10.0.22621.2506
C:\Windows\SYSTEM32\dhcpcsvc.DLL:dhcpcsvc.DLL (00007FFD90470000), size: 126976 (result: 0), SymType: '-deferred-', PDB: '', fileVersion: 10.0.22621.2506
C:\Windows\SYSTEM32\DNSAPI.dll:DNSAPI.dll (00007FFD94EF0000), size: 1056768 (result: 0), SymType: '-deferred-', PDB: '', fileVersion: 10.0.22621.4541
C:\Windows\system32\napinsp.dll:napinsp.dll (00007FFD6DB20000), size: 94208 (result: 0), SymType: '-deferred-', PDB: '', fileVersion: 10.0.22621.1
C:\Windows\system32\pnrpnsp.dll:pnrpnsp.dll (00007FFD6DB00000), size: 110592 (result: 0), SymType: '-deferred-', PDB: '', fileVersion: 10.0.22621.1
C:\Windows\System32\winrnr.dll:winrnr.dll (00007FFD6DC90000), size: 69632 (result: 0), SymType: '-deferred-', PDB: '', fileVersion: 10.0.22621.1
C:\Windows\system32\wshbth.dll:wshbth.dll (00007FFD6DCB0000), size: 86016 (result: 0), SymType: '-deferred-', PDB: '', fileVersion: 10.0.22621.3958
C:\Windows\system32\nlansp_c.dll:nlansp_c.dll (00007FFD6E660000), size: 159744 (result: 0), SymType: '-deferred-', PDB: '', fileVersion: 10.0.22621.4541
C:\Windows\System32\fwpuclnt.dll:fwpuclnt.dll (00007FFD92580000), size: 536576 (result: 0), SymType: '-deferred-', PDB: '', fileVersion: 10.0.22621.4249
C:\Windows\System32\npmproxy.dll:npmproxy.dll (00007FFD8F8E0000), size: 98304 (result: 0), SymType: '-deferred-', PDB: '', fileVersion: 10.0.22621.3527
C:\Windows\System32\rasadhlp.dll:rasadhlp.dll (00007FFD8F560000), size: 40960 (result: 0), SymType: '-deferred-', PDB: '', fileVersion: 10.0.22621.1
C:\Program Files\Unity\Hub\Editor\2022.3.5f1\Editor\NVUnityPlugin.DLL:NVUnityPlugin.DLL (00007FFD42C80000), size: 1519616 (result: 0), SymType: '-deferred-', PDB: ''
C:\Program Files\Unity\Hub\Editor\2022.3.5f1\Editor\Data\Tools\astcenc-avx2.dll:astcenc-avx2.dll (00007FFD6BF20000), size: 540672 (result: 0), SymType: '-deferred-', PDB: ''
C:\Windows\SYSTEM32\d3d11.dll:d3d11.dll (00007FFD90C80000), size: 2453504 (result: 0), SymType: '-deferred-', PDB: '', fileVersion: 10.0.22621.4541
C:\Windows\SYSTEM32\dxgi.dll:dxgi.dll (00007FFD93A90000), size: 1011712 (result: 0), SymType: '-deferred-', PDB: '', fileVersion: 10.0.22621.4036
C:\Windows\SYSTEM32\directxdatabasehelper.dll:directxdatabasehelper.dll (00007FFD8F570000), size: 299008 (result: 0), SymType: '-deferred-', PDB: '', fileVersion: 10.0.22621.4541
C:\Windows\System32\DriverStore\FileRepository\iigd_dch.inf_amd64_01a51642df54e3fe\igd10iumd64.dll:igd10iumd64.dll (00007FFD874F0000), size: 675840 (result: 0), SymType: '-deferred-', PDB: '', fileVersion: 31.0.101.2115
C:\Windows\SYSTEM32\apphelp.dll:apphelp.dll (00007FFD924E0000), size: 618496 (result: 0), SymType: '-deferred-', PDB: '', fileVersion: 10.0.22621.4391
C:\Windows\System32\DriverStore\FileRepository\iigd_dch.inf_amd64_01a51642df54e3fe\igd10um64gen11.DLL:igd10um64gen11.DLL (00007FFD86CA0000), size: 7421952 (result: 0), SymType: '-deferred-', PDB: '', fileVersion: 31.0.101.2115
C:\Windows\SYSTEM32\ncrypt.dll:ncrypt.dll (00007FFD96010000), size: 184320 (result: 0), SymType: '-deferred-', PDB: '', fileVersion: 10.0.22621.4317
C:\Windows\SYSTEM32\NTASN1.dll:NTASN1.dll (00007FFD95FD0000), size: 225280 (result: 0), SymType: '-deferred-', PDB: '', fileVersion: 10.0.22621.1
C:\Windows\System32\DriverStore\FileRepository\iigd_dch.inf_amd64_01a51642df54e3fe\igdgmm64.dll:igdgmm64.dll (00007FFD86890000), size: 4231168 (result: 0), SymType: '-deferred-', PDB: '', fileVersion: 31.0.101.2115
C:\Windows\System32\DriverStore\FileRepository\iigd_dch.inf_amd64_01a51642df54e3fe\igc64.dll:igc64.dll (00007FFD82300000), size: 58277888 (result: 0), SymType: '-deferred-', PDB: '', fileVersion: 31.0.101.2115
C:\Windows\system32\wbem\wbemprox.dll:wbemprox.dll (00007FFD8DDA0000), size: 65536 (result: 0), SymType: '-deferred-', PDB: '', fileVersion: 10.0.22621.3672
C:\Windows\SYSTEM32\wbemcomn.dll:wbemcomn.dll (00007FFD82230000), size: 524288 (result: 0), SymType: '-deferred-', PDB: '', fileVersion: 10.0.22621.2506
C:\Windows\system32\wbem\wbemsvc.dll:wbemsvc.dll (00007FFD7D000000), size: 81920 (result: 8), SymType: '-unknown-', PDB: '', fileVersion: 10.0.22621.3672
C:\Windows\system32\wbem\fastprox.dll:fastprox.dll (00007FFD7D0F0000), size: 1015808 (result: 0), SymType: '-deferred-', PDB: '', fileVersion: 10.0.22621.4541
C:\Windows\SYSTEM32\amsi.dll:amsi.dll (00007FFD7C130000), size: 118784 (result: 8), SymType: '-unknown-', PDB: '', fileVersion: 10.0.22621.3527
C:\Windows\SYSTEM32\USERENV.dll:USERENV.dll (00007FFD95CA0000), size: 163840 (result: 8), SymType: '-unknown-', PDB: '', fileVersion: 10.0.22621.3527
C:\ProgramData\Microsoft\Windows Defender\Platform\4.18.24090.11-0\MpOav.dll:MpOav.dll (00007FFD7C0A0000), size: 536576 (result: 0), SymType: '-deferred-', PDB: '', fileVersion: 4.18.24090.11
C:\Windows\SYSTEM32\opencl.dll:opencl.dll (00007FFD42820000), size: 1490944 (result: 8), SymType: '-unknown-', PDB: '', fileVersion: 3.0.3.0
C:\Program Files\Unity\Hub\Editor\2022.3.5f1\Editor\radeonrays.dll:radeonrays.dll (00007FFD5C430000), size: 557056 (result: 8), SymType: '-unknown-', PDB: ''
C:\Program Files\Unity\Hub\Editor\2022.3.5f1\Editor\Data\MonoBleedingEdge\EmbedRuntime\mono-2.0-bdwgc.dll:mono-2.0-bdwgc.dll (00007FFD41240000), size: 10682368 (result: 8), SymType: '-unknown-', PDB: ''
C:\Windows\SYSTEM32\dbghelp.dll:dbghelp.dll (00007FFD75520000), size: 2301952 (result: 8), SymType: '-unknown-', PDB: '', fileVersion: 10.0.22621.3593

========== OUTPUTTING STACK TRACE ==================

SymInit: Symbol-SearchPath: 'C:/Program Files/Unity/Hub/Editor/2022.3.5f1/Editor/Data/Mono;.;C:\Users\matej.slach\Documents\GitHub\Hra-bojngo-oyngo;C:\Users\matej.slach\Documents\GitHub\Hra-bojngo-oyngo\Library\BurstCache\JIT;C:\Program Files\Unity\Hub\Editor\2022.3.5f1\Editor;C:\Windows;C:\Windows\system32;', symOptions: 534, UserName: 'matej.slach'
OS-Version: 10.0.0
C:\Program Files\Unity\Hub\Editor\2022.3.5f1\Editor\Unity.exe:Unity.exe (00007FF7912E0000), size: 82223104 (result: 0), SymType: '-nosymbols-', PDB: 'C:\Program Files\Unity\Hub\Editor\2022.3.5f1\Editor\Unity.exe', fileVersion: 2022.3.5.29734
C:\Windows\SYSTEM32\ntdll.dll:ntdll.dll (00007FFD99470000), size: 2191360 (result: 0), SymType: '-nosymbols-', PDB: 'C:\Windows\SYSTEM32\ntdll.dll', fileVersion: 10.0.22621.4541
C:\Windows\System32\KERNEL32.DLL:KERNEL32.DLL (00007FFD989F0000), size: 802816 (result: 0), SymType: '-nosymbols-', PDB: 'C:\Windows\System32\KERNEL32.DLL', fileVersion: 10.0.22621.4391
C:\Windows\System32\KERNELBASE.dll:KERNELBASE.dll (00007FFD96AB0000), size: 3907584 (result: 0), SymType: '-nosymbols-', PDB: 'C:\Windows\System32\KERNELBASE.dll', fileVersion: 10.0.22621.4541
C:\Windows\System32\CRYPT32.dll:CRYPT32.dll (00007FFD96940000), size: 1466368 (result: 0), SymType: '-nosymbols-', PDB: 'C:\Windows\System32\CRYPT32.dll', fileVersion: 10.0.22621.4541
C:\Windows\System32\ucrtbase.dll:ucrtbase.dll (00007FFD97050000), size: 1118208 (result: 0), SymType: '-nosymbols-', PDB: 'C:\Windows\System32\ucrtbase.dll', fileVersion: 10.0.22621.3593
C:\Windows\System32\USER32.dll:USER32.dll (00007FFD98F10000), size: 1761280 (result: 0), SymType: '-nosymbols-', PDB: 'C:\Windows\System32\USER32.dll', fileVersion: 10.0.22621.4541
C:\Windows\System32\win32u.dll:win32u.dll (00007FFD96770000), size: 155648 (result: 0), SymType: '-nosymbols-', PDB: 'C:\Windows\System32\win32u.dll', fileVersion: 10.0.22621.4601
C:\Windows\System32\GDI32.dll:GDI32.dll (00007FFD98940000), size: 167936 (result: 0), SymType: '-nosymbols-', PDB: 'C:\Windows\System32\GDI32.dll', fileVersion: 10.0.22621.4036
C:\Windows\System32\gdi32full.dll:gdi32full.dll (00007FFD96820000), size: 1159168 (result: 0), SymType: '-nosymbols-', PDB: 'C:\Windows\System32\gdi32full.dll', fileVersion: 10.0.22621.4391
C:\Windows\System32\msvcp_win.dll:msvcp_win.dll (00007FFD96EF0000), size: 630784 (result: 0), SymType: '-nosymbols-', PDB: 'C:\Windows\System32\msvcp_win.dll', fileVersion: 10.0.22621.3374
C:\Windows\System32\ADVAPI32.dll:ADVAPI32.dll (00007FFD98C30000), size: 729088 (result: 0), SymType: '-nosymbols-', PDB: 'C:\Windows\System32\ADVAPI32.dll', fileVersion: 10.0.22621.4391
C:\Windows\System32\msvcrt.dll:msvcrt.dll (00007FFD976D0000), size: 684032 (result: 0), SymType: '-nosymbols-', PDB: 'C:\Windows\System32\msvcrt.dll', fileVersion: 7.0.22621.2506
C:\Windows\System32\sechost.dll:sechost.dll (00007FFD978D0000), size: 684032 (result: 0), SymType: '-nosymbols-', PDB: 'C:\Windows\System32\sechost.dll', fileVersion: 10.0.22621.4541
C:\Windows\System32\bcrypt.dll:bcrypt.dll (00007FFD96740000), size: 163840 (result: 0), SymType: '-nosymbols-', PDB: 'C:\Windows\System32\bcrypt.dll', fileVersion: 10.0.22621.2506
C:\Windows\System32\RPCRT4.dll:RPCRT4.dll (00007FFD98490000), size: 1130496 (result: 0), SymType: '-nosymbols-', PDB: 'C:\Windows\System32\RPCRT4.dll', fileVersion: 10.0.22621.4249
C:\Windows\System32\SHELL32.dll:SHELL32.dll (00007FFD97B70000), size: 8880128 (result: 0), SymType: '-nosymbols-', PDB: 'C:\Windows\System32\SHELL32.dll', fileVersion: 10.0.22621.4541
C:\Windows\System32\SHLWAPI.dll:SHLWAPI.dll (00007FFD98EA0000), size: 385024 (result: 0), SymType: '-nosymbols-', PDB: 'C:\Windows\System32\SHLWAPI.dll', fileVersion: 10.0.22621.4541
C:\Windows\System32\ole32.dll:ole32.dll (00007FFD97980000), size: 1724416 (result: 0), SymType: '-nosymbols-', PDB: 'C:\Windows\System32\ole32.dll', fileVersion: 10.0.22621.3958
C:\Windows\System32\combase.dll:combase.dll (00007FFD985B0000), size: 3731456 (result: 0), SymType: '-nosymbols-', PDB: 'C:\Windows\System32\combase.dll', fileVersion: 10.0.22621.4541
C:\Windows\System32\IMM32.dll:IMM32.dll (00007FFD97B30000), size: 200704 (result: 0), SymType: '-nosymbols-', PDB: 'C:\Windows\System32\IMM32.dll', fileVersion: 10.0.22621.3374
C:\Windows\System32\SETUPAPI.dll:SETUPAPI.dll (00007FFD97170000), size: 4669440 (result: 0), SymType: '-nosymbols-', PDB: 'C:\Windows\System32\SETUPAPI.dll', fileVersion: 10.0.22621.2506
C:\Windows\System32\WS2_32.dll:WS2_32.dll (00007FFD97790000), size: 462848 (result: 0), SymType: '-nosymbols-', PDB: 'C:\Windows\System32\WS2_32.dll', fileVersion: 10.0.22621.1
C:\Windows\System32\OLEAUT32.dll:OLEAUT32.dll (00007FFD975F0000), size: 880640 (result: 0), SymType: '-nosymbols-', PDB: 'C:\Windows\System32\OLEAUT32.dll', fileVersion: 10.0.22621.3672
C:\Windows\System32\WINTRUST.dll:WINTRUST.dll (00007FFD96E70000), size: 466944 (result: 0), SymType: '-nosymbols-', PDB: 'C:\Windows\System32\WINTRUST.dll', fileVersion: 10.0.22621.4541
C:\Program Files\Unity\Hub\Editor\2022.3.5f1\Editor\s3tcompress.dll:s3tcompress.dll (00007FFD93510000), size: 180224 (result: 0), SymType: '-nosymbols-', PDB: 'C:\Program Files\Unity\Hub\Editor\2022.3.5f1\Editor\s3tcompress.dll'
C:\Program Files\Unity\Hub\Editor\2022.3.5f1\Editor\etccompress.dll:etccompress.dll (00007FFD42F30000), size: 5066752 (result: 0), SymType: '-nosymbols-', PDB: 'C:\Program Files\Unity\Hub\Editor\2022.3.5f1\Editor\etccompress.dll'
C:\Program Files\Unity\Hub\Editor\2022.3.5f1\Editor\libfbxsdk.dll:libfbxsdk.dll (00007FFD43410000), size: 10067968 (result: 0), SymType: '-nosymbols-', PDB: 'C:\Program Files\Unity\Hub\Editor\2022.3.5f1\Editor\libfbxsdk.dll', fileVersion: 2020.3.3.0
C:\Program Files\Unity\Hub\Editor\2022.3.5f1\Editor\ispc_texcomp.dll:ispc_texcomp.dll (00007FFD5C4C0000), size: 1826816 (result: 0), SymType: '-nosymbols-', PDB: 'C:\Program Files\Unity\Hub\Editor\2022.3.5f1\Editor\ispc_texcomp.dll'
C:\Program Files\Unity\Hub\Editor\2022.3.5f1\Editor\compress_bc7e.dll:compress_bc7e.dll (00007FFD44930000), size: 1433600 (result: 0), SymType: '-nosymbols-', PDB: 'C:\Program Files\Unity\Hub\Editor\2022.3.5f1\Editor\compress_bc7e.dll'
C:\Program Files\Unity\Hub\Editor\2022.3.5f1\Editor\FreeImage.dll:FreeImage.dll (0000000180000000), size: 6582272 (result: 0), SymType: '-nosymbols-', PDB: 'C:\Program Files\Unity\Hub\Editor\2022.3.5f1\Editor\FreeImage.dll', fileVersion: 3.18.0.0
C:\Program Files\Unity\Hub\Editor\2022.3.5f1\Editor\WinPixEventRuntime.dll:WinPixEventRuntime.dll (00007FFD93500000), size: 45056 (result: 0), SymType: '-nosymbols-', PDB: 'C:\Program Files\Unity\Hub\Editor\2022.3.5f1\Editor\WinPixEventRuntime.dll', fileVersion: 1.0.1812.6001
C:\Program Files\Unity\Hub\Editor\2022.3.5f1\Editor\umbraoptimizer64.dll:umbraoptimizer64.dll (00007FFD42E00000), size: 1187840 (result: 0), SymType: '-nosymbols-', PDB: 'C:\Program Files\Unity\Hub\Editor\2022.3.5f1\Editor\umbraoptimizer64.dll'
C:\Windows\SYSTEM32\OPENGL32.dll:OPENGL32.dll (00007FFD5E950000), size: 1048576 (result: 0), SymType: '-nosymbols-', PDB: 'C:\Windows\SYSTEM32\OPENGL32.dll', fileVersion: 10.0.22621.4541
C:\Windows\SYSTEM32\GLU32.dll:GLU32.dll (00007FFD5E8E0000), size: 184320 (result: 0), SymType: '-nosymbols-', PDB: 'C:\Windows\SYSTEM32\GLU32.dll', fileVersion: 10.0.22621.2506
C:\Windows\SYSTEM32\IPHLPAPI.DLL:IPHLPAPI.DLL (00007FFD94EC0000), size: 184320 (result: 0), SymType: '-nosymbols-', PDB: 'C:\Windows\SYSTEM32\IPHLPAPI.DLL', fileVersion: 10.0.22621.1
C:\Windows\SYSTEM32\WINHTTP.dll:WINHTTP.dll (00007FFD95670000), size: 1269760 (result: 0), SymType: '-nosymbols-', PDB: 'C:\Windows\SYSTEM32\WINHTTP.dll', fileVersion: 10.0.22621.4541
C:\Windows\SYSTEM32\WINMM.dll:WINMM.dll (00007FFD904E0000), size: 212992 (result: 0), SymType: '-nosymbols-', PDB: 'C:\Windows\SYSTEM32\WINMM.dll', fileVersion: 10.0.22621.4541
C:\Windows\SYSTEM32\HID.DLL:HID.DLL (00007FFD94DA0000), size: 57344 (result: 0), SymType: '-nosymbols-', PDB: 'C:\Windows\SYSTEM32\HID.DLL', fileVersion: 10.0.22621.1
C:\Windows\SYSTEM32\dwmapi.dll:dwmapi.dll (00007FFD93BB0000), size: 176128 (result: 0), SymType: '-nosymbols-', PDB: 'C:\Windows\SYSTEM32\dwmapi.dll', fileVersion: 10.0.22621.4541
C:\Program Files\Unity\Hub\Editor\2022.3.5f1\Editor\SketchUpAPI.dll:SketchUpAPI.dll (00007FFD41C70000), size: 8990720 (result: 0), SymType: '-nosymbols-', PDB: 'C:\Program Files\Unity\Hub\Editor\2022.3.5f1\Editor\SketchUpAPI.dll', fileVersion: 23.0.0.0
C:\Windows\SYSTEM32\VERSION.dll:VERSION.dll (00007FFD90860000), size: 40960 (result: 0), SymType: '-nosymbols-', PDB: 'C:\Windows\SYSTEM32\VERSION.dll', fileVersion: 10.0.22621.1
C:\Windows\SYSTEM32\WSOCK32.dll:WSOCK32.dll (00007FFD42510000), size: 36864 (result: 0), SymType: '-nosymbols-', PDB: 'C:\Windows\SYSTEM32\WSOCK32.dll', fileVersion: 10.0.22621.1
C:\Windows\SYSTEM32\MSVCP140.dll:MSVCP140.dll (00007FFD6B4A0000), size: 577536 (result: 0), SymType: '-nosymbols-', PDB: 'C:\Windows\SYSTEM32\MSVCP140.dll', fileVersion: 14.40.33816.0
C:\Windows\SYSTEM32\VCRUNTIME140.dll:VCRUNTIME140.dll (00007FFD71B20000), size: 122880 (result: 0), SymType: '-nosymbols-', PDB: 'C:\Windows\SYSTEM32\VCRUNTIME140.dll', fileVersion: 14.40.33816.0
C:\Program Files\Unity\Hub\Editor\2022.3.5f1\Editor\SketchUpCommonPreferences.dll:SketchUpCommonPreferences.dll (00007FFD7A270000), size: 499712 (result: 0), SymType: '-nosymbols-', PDB: 'C:\Program Files\Unity\Hub\Editor\2022.3.5f1\Editor\SketchUpCommonPreferences.dll', fileVersion: 23.0.0.0
C:\Windows\SYSTEM32\VCRUNTIME140_1.dll:VCRUNTIME140_1.dll (00007FFD6B490000), size: 49152 (result: 0), SymType: '-nosymbols-', PDB: 'C:\Windows\SYSTEM32\VCRUNTIME140_1.dll', fileVersion: 14.40.33816.0
C:\Windows\SYSTEM32\Secur32.dll:Secur32.dll (00007FFD95420000), size: 49152 (result: 0), SymType: '-nosymbols-', PDB: 'C:\Windows\SYSTEM32\Secur32.dll', fileVersion: 10.0.22621.1
C:\Windows\SYSTEM32\dxcore.dll:dxcore.dll (00007FFD93A50000), size: 225280 (result: 0), SymType: '-nosymbols-', PDB: 'C:\Windows\SYSTEM32\dxcore.dll', fileVersion: 10.0.22621.4541
C:\Windows\SYSTEM32\SSPICLI.DLL:SSPICLI.DLL (00007FFD959F0000), size: 274432 (result: 0), SymType: '-nosymbols-', PDB: 'C:\Windows\SYSTEM32\SSPICLI.DLL', fileVersion: 10.0.22621.3810
C:\Program Files\Unity\Hub\Editor\2022.3.5f1\Editor\OpenRL.dll:OpenRL.dll (000002103F370000), size: 12779520 (result: 0), SymType: '-nosymbols-', PDB: 'C:\Program Files\Unity\Hub\Editor\2022.3.5f1\Editor\OpenRL.dll', fileVersion: 1.5.0.2907
C:\Windows\SYSTEM32\MSVCP100.dll:MSVCP100.dll (0000000054D60000), size: 622592 (result: 0), SymType: '-nosymbols-', PDB: 'C:\Windows\SYSTEM32\MSVCP100.dll', fileVersion: 10.0.40219.325
C:\Windows\SYSTEM32\MSVCR100.dll:MSVCR100.dll (0000000054C80000), size: 860160 (result: 0), SymType: '-nosymbols-', PDB: 'C:\Windows\SYSTEM32\MSVCR100.dll', fileVersion: 10.0.40219.325
C:\Program Files\Unity\Hub\Editor\2022.3.5f1\Editor\embree.dll:embree.dll (00007FFCE8180000), size: 16711680 (result: 0), SymType: '-nosymbols-', PDB: 'C:\Program Files\Unity\Hub\Editor\2022.3.5f1\Editor\embree.dll', fileVersion: 2.14.0.0
C:\Windows\SYSTEM32\cfgmgr32.DLL:cfgmgr32.DLL (00007FFD963B0000), size: 319488 (result: 0), SymType: '-nosymbols-', PDB: 'C:\Windows\SYSTEM32\cfgmgr32.DLL', fileVersion: 10.0.22621.2506
C:\Program Files\Unity\Hub\Editor\2022.3.5f1\Editor\tbb.dll:tbb.dll (00007FFD8EBC0000), size: 413696 (result: 0), SymType: '-nosymbols-', PDB: 'C:\Program Files\Unity\Hub\Editor\2022.3.5f1\Editor\tbb.dll', fileVersion: 2017.0.2016.1004
C:\Windows\SYSTEM32\MSVCP120.dll:MSVCP120.dll (00007FFD5C780000), size: 679936 (result: 0), SymType: '-nosymbols-', PDB: 'C:\Windows\SYSTEM32\MSVCP120.dll', fileVersion: 12.0.40664.0
C:\Windows\SYSTEM32\MSVCR120.dll:MSVCR120.dll (00007FFD45150000), size: 978944 (result: 0), SymType: '-nosymbols-', PDB: 'C:\Windows\SYSTEM32\MSVCR120.dll', fileVersion: 12.0.40664.0
C:\Windows\SYSTEM32\MSWSOCK.DLL:MSWSOCK.DLL (00007FFD95C00000), size: 430080 (result: 0), SymType: '-nosymbols-', PDB: 'C:\Windows\SYSTEM32\MSWSOCK.DLL', fileVersion: 10.0.22621.2506
C:\Program Files\Unity\Hub\Editor\2022.3.5f1\Editor\OpenRL_pthread.dll:OpenRL_pthread.dll (000002103FFC0000), size: 61440 (result: 0), SymType: '-nosymbols-', PDB: 'C:\Program Files\Unity\Hub\Editor\2022.3.5f1\Editor\OpenRL_pthread.dll', fileVersion: 2.9.0.0
C:\Windows\SYSTEM32\MSASN1.dll:MSASN1.dll (00007FFD95F50000), size: 73728 (result: 0), SymType: '-nosymbols-', PDB: 'C:\Windows\SYSTEM32\MSASN1.dll', fileVersion: 10.0.22621.2506
C:\Windows\System32\bcryptprimitives.dll:bcryptprimitives.dll (00007FFD967A0000), size: 503808 (result: 0), SymType: '-nosymbols-', PDB: 'C:\Windows\System32\bcryptprimitives.dll', fileVersion: 10.0.22621.4317
C:\Windows\SYSTEM32\kernel.appcore.dll:kernel.appcore.dll (00007FFD955F0000), size: 98304 (result: 0), SymType: '-nosymbols-', PDB: 'C:\Windows\SYSTEM32\kernel.appcore.dll', fileVersion: 10.0.22621.3958
C:\Windows\system32\uxtheme.dll:uxtheme.dll (00007FFD93940000), size: 724992 (result: 0), SymType: '-nosymbols-', PDB: 'C:\Windows\system32\uxtheme.dll', fileVersion: 10.0.22621.4541
C:\Windows\SYSTEM32\windows.storage.dll:windows.storage.dll (00007FFD94490000), size: 9469952 (result: 0), SymType: '-nosymbols-', PDB: 'C:\Windows\SYSTEM32\windows.storage.dll', fileVersion: 10.0.22621.4601
C:\Windows\SYSTEM32\wintypes.dll:wintypes.dll (00007FFD94350000), size: 1306624 (result: 0), SymType: '-nosymbols-', PDB: 'C:\Windows\SYSTEM32\wintypes.dll', fileVersion: 10.0.22621.3810
C:\Windows\System32\SHCORE.dll:SHCORE.dll (00007FFD990C0000), size: 1024000 (result: 0), SymType: '-nosymbols-', PDB: 'C:\Windows\System32\SHCORE.dll', fileVersion: 10.0.22621.4541
C:\Windows\SYSTEM32\profapi.dll:profapi.dll (00007FFD96670000), size: 176128 (result: 0), SymType: '-nosymbols-', PDB: 'C:\Windows\SYSTEM32\profapi.dll', fileVersion: 10.0.22621.4541
C:\Windows\system32\IconCodecService.dll:IconCodecService.dll (00007FFD5C830000), size: 36864 (result: 0), SymType: '-nosymbols-', PDB: 'C:\Windows\system32\IconCodecService.dll', fileVersion: 10.0.22621.1
C:\Windows\SYSTEM32\WindowsCodecs.dll:WindowsCodecs.dll (00007FFD93750000), size: 1769472 (result: 0), SymType: '-nosymbols-', PDB: 'C:\Windows\SYSTEM32\WindowsCodecs.dll', fileVersion: 10.0.22621.4541
C:\Windows\System32\clbcatq.dll:clbcatq.dll (00007FFD991C0000), size: 720896 (result: 0), SymType: '-nosymbols-', PDB: 'C:\Windows\System32\clbcatq.dll', fileVersion: 2001.12.10941.16384
C:\Windows\System32\NSI.dll:NSI.dll (00007FFD97780000), size: 36864 (result: 0), SymType: '-nosymbols-', PDB: 'C:\Windows\System32\NSI.dll', fileVersion: 10.0.22621.1
C:\Windows\System32\netprofm.dll:netprofm.dll (00007FFD93000000), size: 491520 (result: 0), SymType: '-nosymbols-', PDB: 'C:\Windows\System32\netprofm.dll', fileVersion: 10.0.22621.3527
C:\Windows\SYSTEM32\dhcpcsvc6.DLL:dhcpcsvc6.DLL (00007FFD90870000), size: 102400 (result: 0), SymType: '-nosymbols-', PDB: 'C:\Windows\SYSTEM32\dhcpcsvc6.DLL', fileVersion: 10.0.22621.2506
C:\Windows\SYSTEM32\dhcpcsvc.DLL:dhcpcsvc.DLL (00007FFD90470000), size: 126976 (result: 0), SymType: '-nosymbols-', PDB: 'C:\Windows\SYSTEM32\dhcpcsvc.DLL', fileVersion: 10.0.22621.2506
C:\Windows\SYSTEM32\DNSAPI.dll:DNSAPI.dll (00007FFD94EF0000), size: 1056768 (result: 0), SymType: '-nosymbols-', PDB: 'C:\Windows\SYSTEM32\DNSAPI.dll', fileVersion: 10.0.22621.4541
C:\Windows\system32\napinsp.dll:napinsp.dll (00007FFD6DB20000), size: 94208 (result: 0), SymType: '-nosymbols-', PDB: 'C:\Windows\system32\napinsp.dll', fileVersion: 10.0.22621.1
C:\Windows\system32\pnrpnsp.dll:pnrpnsp.dll (00007FFD6DB00000), size: 110592 (result: 0), SymType: '-nosymbols-', PDB: 'C:\Windows\system32\pnrpnsp.dll', fileVersion: 10.0.22621.1
C:\Windows\System32\winrnr.dll:winrnr.dll (00007FFD6DC90000), size: 69632 (result: 0), SymType: '-nosymbols-', PDB: 'C:\Windows\System32\winrnr.dll', fileVersion: 10.0.22621.1
C:\Windows\system32\wshbth.dll:wshbth.dll (00007FFD6DCB0000), size: 86016 (result: 0), SymType: '-nosymbols-', PDB: 'C:\Windows\system32\wshbth.dll', fileVersion: 10.0.22621.3958
C:\Windows\system32\nlansp_c.dll:nlansp_c.dll (00007FFD6E660000), size: 159744 (result: 0), SymType: '-nosymbols-', PDB: 'C:\Windows\system32\nlansp_c.dll', fileVersion: 10.0.22621.4541
C:\Windows\System32\fwpuclnt.dll:fwpuclnt.dll (00007FFD92580000), size: 536576 (result: 0), SymType: '-nosymbols-', PDB: 'C:\Windows\System32\fwpuclnt.dll', fileVersion: 10.0.22621.4249
C:\Windows\System32\npmproxy.dll:npmproxy.dll (00007FFD8F8E0000), size: 98304 (result: 0), SymType: '-nosymbols-', PDB: 'C:\Windows\System32\npmproxy.dll', fileVersion: 10.0.22621.3527
C:\Windows\System32\rasadhlp.dll:rasadhlp.dll (00007FFD8F560000), size: 40960 (result: 0), SymType: '-nosymbols-', PDB: 'C:\Windows\System32\rasadhlp.dll', fileVersion: 10.0.22621.1
C:\Program Files\Unity\Hub\Editor\2022.3.5f1\Editor\NVUnityPlugin.DLL:NVUnityPlugin.DLL (00007FFD42C80000), size: 1519616 (result: 0), SymType: '-nosymbols-', PDB: 'C:\Program Files\Unity\Hub\Editor\2022.3.5f1\Editor\NVUnityPlugin.DLL'
C:\Program Files\Unity\Hub\Editor\2022.3.5f1\Editor\Data\Tools\astcenc-avx2.dll:astcenc-avx2.dll (00007FFD6BF20000), size: 540672 (result: 0), SymType: '-nosymbols-', PDB: 'C:\Program Files\Unity\Hub\Editor\2022.3.5f1\Editor\Data\Tools\astcenc-avx2.dll'
C:\Windows\SYSTEM32\d3d11.dll:d3d11.dll (00007FFD90C80000), size: 2453504 (result: 0), SymType: '-nosymbols-', PDB: 'C:\Windows\SYSTEM32\d3d11.dll', fileVersion: 10.0.22621.4541
C:\Windows\SYSTEM32\dxgi.dll:dxgi.dll (00007FFD93A90000), size: 1011712 (result: 0), SymType: '-nosymbols-', PDB: 'C:\Windows\SYSTEM32\dxgi.dll', fileVersion: 10.0.22621.4036
C:\Windows\SYSTEM32\directxdatabasehelper.dll:directxdatabasehelper.dll (00007FFD8F570000), size: 299008 (result: 0), SymType: '-nosymbols-', PDB: 'C:\Windows\SYSTEM32\directxdatabasehelper.dll', fileVersion: 10.0.22621.4541
C:\Windows\System32\DriverStore\FileRepository\iigd_dch.inf_amd64_01a51642df54e3fe\igd10iumd64.dll:igd10iumd64.dll (00007FFD874F0000), size: 675840 (result: 0), SymType: '-nosymbols-', PDB: 'C:\Windows\System32\DriverStore\FileRepository\iigd_dch.inf_amd64_01a51642df54e3fe\igd10iumd64.dll', fileVersion: 31.0.101.2115
C:\Windows\SYSTEM32\apphelp.dll:apphelp.dll (00007FFD924E0000), size: 618496 (result: 0), SymType: '-nosymbols-', PDB: 'C:\Windows\SYSTEM32\apphelp.dll', fileVersion: 10.0.22621.4391
C:\Windows\System32\DriverStore\FileRepository\iigd_dch.inf_amd64_01a51642df54e3fe\igd10um64gen11.DLL:igd10um64gen11.DLL (00007FFD86CA0000), size: 7421952 (result: 0), SymType: '-nosymbols-', PDB: 'C:\Windows\System32\DriverStore\FileRepository\iigd_dch.inf_amd64_01a51642df54e3fe\igd10um64gen11.DLL', fileVersion: 31.0.101.2115
C:\Windows\SYSTEM32\ncrypt.dll:ncrypt.dll (00007FFD96010000), size: 184320 (result: 0), SymType: '-nosymbols-', PDB: 'C:\Windows\SYSTEM32\ncrypt.dll', fileVersion: 10.0.22621.4317
C:\Windows\SYSTEM32\NTASN1.dll:NTASN1.dll (00007FFD95FD0000), size: 225280 (result: 0), SymType: '-nosymbols-', PDB: 'C:\Windows\SYSTEM32\NTASN1.dll', fileVersion: 10.0.22621.1
C:\Windows\System32\DriverStore\FileRepository\iigd_dch.inf_amd64_01a51642df54e3fe\igdgmm64.dll:igdgmm64.dll (00007FFD86890000), size: 4231168 (result: 0), SymType: '-nosymbols-', PDB: 'C:\Windows\System32\DriverStore\FileRepository\iigd_dch.inf_amd64_01a51642df54e3fe\igdgmm64.dll', fileVersion: 31.0.101.2115
C:\Windows\System32\DriverStore\FileRepository\iigd_dch.inf_amd64_01a51642df54e3fe\igc64.dll:igc64.dll (00007FFD82300000), size: 58277888 (result: 0), SymType: '-nosymbols-', PDB: 'C:\Windows\System32\DriverStore\FileRepository\iigd_dch.inf_amd64_01a51642df54e3fe\igc64.dll', fileVersion: 31.0.101.2115
C:\Windows\system32\wbem\wbemprox.dll:wbemprox.dll (00007FFD8DDA0000), size: 65536 (result: 0), SymType: '-nosymbols-', PDB: 'C:\Windows\system32\wbem\wbemprox.dll', fileVersion: 10.0.22621.3672
C:\Windows\SYSTEM32\wbemcomn.dll:wbemcomn.dll (00007FFD82230000), size: 524288 (result: 0), SymType: '-nosymbols-', PDB: 'C:\Windows\SYSTEM32\wbemcomn.dll', fileVersion: 10.0.22621.2506
C:\Windows\system32\wbem\wbemsvc.dll:wbemsvc.dll (00007FFD7D000000), size: 81920 (result: 0), SymType: '-deferred-', PDB: '', fileVersion: 10.0.22621.3672
C:\Windows\system32\wbem\fastprox.dll:fastprox.dll (00007FFD7D0F0000), size: 1015808 (result: 0), SymType: '-nosymbols-', PDB: 'C:\Windows\system32\wbem\fastprox.dll', fileVersion: 10.0.22621.4541
C:\Windows\SYSTEM32\amsi.dll:amsi.dll (00007FFD7C130000), size: 118784 (result: 0), SymType: '-deferred-', PDB: '', fileVersion: 10.0.22621.3527
C:\Windows\SYSTEM32\USERENV.dll:USERENV.dll (00007FFD95CA0000), size: 163840 (result: 0), SymType: '-deferred-', PDB: '', fileVersion: 10.0.22621.3527
C:\ProgramData\Microsoft\Windows Defender\Platform\4.18.24090.11-0\MpOav.dll:MpOav.dll (00007FFD7C0A0000), size: 536576 (result: 0), SymType: '-nosymbols-', PDB: 'C:\ProgramData\Microsoft\Windows Defender\Platform\4.18.24090.11-0\MpOav.dll', fileVersion: 4.18.24090.11
C:\Windows\SYSTEM32\opencl.dll:opencl.dll (00007FFD42820000), size: 1490944 (result: 0), SymType: '-deferred-', PDB: '', fileVersion: 3.0.3.0
C:\Program Files\Unity\Hub\Editor\2022.3.5f1\Editor\radeonrays.dll:radeonrays.dll (00007FFD5C430000), size: 557056 (result: 0), SymType: '-deferred-', PDB: ''
C:\Program Files\Unity\Hub\Editor\2022.3.5f1\Editor\Data\MonoBleedingEdge\EmbedRuntime\mono-2.0-bdwgc.dll:mono-2.0-bdwgc.dll (00007FFD41240000), size: 10682368 (result: 0), SymType: '-deferred-', PDB: ''
C:\Windows\SYSTEM32\dbghelp.dll:dbghelp.dll (00007FFD75520000), size: 2301952 (result: 0), SymType: '-deferred-', PDB: '', fileVersion: 10.0.22621.3593
C:\Windows\System32\psapi.dll:psapi.dll (00007FFD978C0000), size: 32768 (result: 0), SymType: '-deferred-', PDB: '', fileVersion: 10.0.22621.1
  ERROR: SymGetSymFromAddr64, GetLastError: 'Pokus o pstup kneppustn adrese.' (Address: 00007FFD96B0FB4C)
0x00007FFD96B0FB4C (KERNELBASE) (function-name not available)
  ERROR: SymGetSymFromAddr64, GetLastError: 'Pokus o pstup kneppustn adrese.' (Address: 00007FFD412B064C)
0x00007FFD412B064C (mono-2.0-bdwgc) (function-name not available)
  ERROR: SymGetSymFromAddr64, GetLastError: 'Pokus o pstup kneppustn adrese.' (Address: 00007FFD4129C4A2)
0x00007FFD4129C4A2 (mono-2.0-bdwgc) (function-name not available)
  ERROR: SymGetSymFromAddr64, GetLastError: 'Pokus o pstup kneppustn adrese.' (Address: 00007FFD4129C508)
0x00007FFD4129C508 (mono-2.0-bdwgc) (function-name not available)
  ERROR: SymGetSymFromAddr64, GetLastError: 'Pokus o pstup kneppustn adrese.' (Address: 00007FFD413B6D53)
0x00007FFD413B6D53 (mono-2.0-bdwgc) (function-name not available)
  ERROR: SymGetSymFromAddr64, GetLastError: 'Pokus o pstup kneppustn adrese.' (Address: 00007FFD41384F8F)
0x00007FFD41384F8F (mono-2.0-bdwgc) (function-name not available)
  ERROR: SymGetSymFromAddr64, GetLastError: 'Pokus o pstup kneppustn adrese.' (Address: 00007FFD413BB791)
0x00007FFD413BB791 (mono-2.0-bdwgc) (function-name not available)
  ERROR: SymGetSymFromAddr64, GetLastError: 'Pokus o pstup kneppustn adrese.' (Address: 00007FFD41302FB7)
0x00007FFD41302FB7 (mono-2.0-bdwgc) (function-name not available)
  ERROR: SymGetSymFromAddr64, GetLastError: 'Pokus o pstup kneppustn adrese.' (Address: 00007FFD413043BF)
0x00007FFD413043BF (mono-2.0-bdwgc) (function-name not available)
  ERROR: SymGetSymFromAddr64, GetLastError: 'Pokus o pstup kneppustn adrese.' (Address: 00007FFD41308852)
0x00007FFD41308852 (mono-2.0-bdwgc) (function-name not available)
  ERROR: SymGetSymFromAddr64, GetLastError: 'Pokus o pstup kneppustn adrese.' (Address: 00007FFD4130B021)
0x00007FFD4130B021 (mono-2.0-bdwgc) (function-name not available)
  ERROR: SymGetSymFromAddr64, GetLastError: 'Pokus o pstup kneppustn adrese.' (Address: 00007FFD41300533)
0x00007FFD41300533 (mono-2.0-bdwgc) (function-name not available)
  ERROR: SymGetSymFromAddr64, GetLastError: 'Pokus o pstup kneppustn adrese.' (Address: 00007FF7923C66B7)
0x00007FF7923C66B7 (Unity) (function-name not available)
  ERROR: SymGetSymFromAddr64, GetLastError: 'Pokus o pstup kneppustn adrese.' (Address: 00007FF79243FD32)
0x00007FF79243FD32 (Unity) (function-name not available)
  ERROR: SymGetSymFromAddr64, GetLastError: 'Pokus o pstup kneppustn adrese.' (Address: 00007FF79243EA84)
0x00007FF79243EA84 (Unity) (function-name not available)
  ERROR: SymGetSymFromAddr64, GetLastError: 'Pokus o pstup kneppustn adrese.' (Address: 00007FF79243F398)
0x00007FF79243F398 (Unity) (function-name not available)
  ERROR: SymGetSymFromAddr64, GetLastError: 'Pokus o pstup kneppustn adrese.' (Address: 00007FF7924413E1)
0x00007FF7924413E1 (Unity) (function-name not available)
  ERROR: SymGetSymFromAddr64, GetLastError: 'Pokus o pstup kneppustn adrese.' (Address: 00007FF79243D9EA)
0x00007FF79243D9EA (Unity) (function-name not available)
  ERROR: SymGetSymFromAddr64, GetLastError: 'Pokus o pstup kneppustn adrese.' (Address: 00007FF79238C11F)
0x00007FF79238C11F (Unity) (function-name not available)
  ERROR: SymGetSymFromAddr64, GetLastError: 'Pokus o pstup kneppustn adrese.' (Address: 00007FF792395432)
0x00007FF792395432 (Unity) (function-name not available)
  ERROR: SymGetSymFromAddr64, GetLastError: 'Pokus o pstup kneppustn adrese.' (Address: 00007FF7923983AC)
0x00007FF7923983AC (Unity) (function-name not available)
  ERROR: SymGetSymFromAddr64, GetLastError: 'Pokus o pstup kneppustn adrese.' (Address: 00007FF793324F12)
0x00007FF793324F12 (Unity) (function-name not available)
  ERROR: SymGetSymFromAddr64, GetLastError: 'Pokus o pstup kneppustn adrese.' (Address: 00007FF7933254C4)
0x00007FF7933254C4 (Unity) (function-name not available)
  ERROR: SymGetSymFromAddr64, GetLastError: 'Pokus o pstup kneppustn adrese.' (Address: 00007FF793825AFF)
0x00007FF793825AFF (Unity) (function-name not available)
  ERROR: SymGetSymFromAddr64, GetLastError: 'Pokus o pstup kneppustn adrese.' (Address: 00007FF79385F1D2)
0x00007FF79385F1D2 (Unity) (function-name not available)
  ERROR: SymGetSymFromAddr64, GetLastError: 'Pokus o pstup kneppustn adrese.' (Address: 00007FF79384B17E)
0x00007FF79384B17E (Unity) (function-name not available)
  ERROR: SymGetSymFromAddr64, GetLastError: 'Pokus o pstup kneppustn adrese.' (Address: 00007FF79384CDAE)
0x00007FF79384CDAE (Unity) (function-name not available)
  ERROR: SymGetSymFromAddr64, GetLastError: 'Pokus o pstup kneppustn adrese.' (Address: 00007FF79385D57C)
0x00007FF79385D57C (Unity) (function-name not available)
  ERROR: SymGetSymFromAddr64, GetLastError: 'Pokus o pstup kneppustn adrese.' (Address: 00007FF793831D3F)
0x00007FF793831D3F (Unity) (function-name not available)
  ERROR: SymGetSymFromAddr64, GetLastError: 'Pokus o pstup kneppustn adrese.' (Address: 00007FF7937FCA27)
0x00007FF7937FCA27 (Unity) (function-name not available)
  ERROR: SymGetSymFromAddr64, GetLastError: 'Pokus o pstup kneppustn adrese.' (Address: 00007FF7937FCAAB)
0x00007FF7937FCAAB (Unity) (function-name not available)
  ERROR: SymGetSymFromAddr64, GetLastError: 'Pokus o pstup kneppustn adrese.' (Address: 00007FF7930012C1)
0x00007FF7930012C1 (Unity) (function-name not available)
  ERROR: SymGetSymFromAddr64, GetLastError: 'Pokus o pstup kneppustn adrese.' (Address: 00007FF793486575)
0x00007FF793486575 (Unity) (function-name not available)
  ERROR: SymGetSymFromAddr64, GetLastError: 'Pokus o pstup kneppustn adrese.' (Address: 00007FF79487133E)
0x00007FF79487133E (Unity) (function-name not available)
  ERROR: SymGetSymFromAddr64, GetLastError: 'Pokus o pstup kneppustn adrese.' (Address: 00007FFD98A0259D)
0x00007FFD98A0259D (KERNEL32) (function-name not available)
  ERROR: SymGetSymFromAddr64, GetLastError: 'Pokus o pstup kneppustn adrese.' (Address: 00007FFD994CAF38)
0x00007FFD994CAF38 (ntdll) (function-name not available)

========== END OF STACKTRACE ===========

A crash has been intercepted by the crash handler. For call stack and other details, see the latest crash report generated in:
 * C:/Users/MATEJ~1.SLA/AppData/Local/Temp/Unity/Editor/Crashes
